#
# There is insufficient memory for the Java Runtime Environment to continue.
# Native memory allocation (malloc) failed to allocate 32744 bytes for ChunkPool::allocate
# Possible reasons:
#   The system is out of physical RAM or swap space
#   The process is running with CompressedOops enabled, and the Java Heap may be blocking the growth of the native heap
# Possible solutions:
#   Reduce memory load on the system
#   Increase physical memory or swap space
#   Check if swap backing store is full
#   Decrease Java heap size (-Xmx/-Xms)
#   Decrease number of Java threads
#   Decrease Java thread stack sizes (-Xss)
#   Set larger code cache with -XX:ReservedCodeCacheSize=
#   JVM is running with Zero Based Compressed Oops mode in which the Java heap is
#     placed in the first 32GB address space. The Java Heap base address is the
#     maximum limit for the native heap growth. Please use -XX:HeapBaseMinAddress
#     to set the Java Heap base and to place the Java Heap above 32GB virtual address.
# This output file may be truncated or incomplete.
#
#  Out of Memory Error (allocation.cpp:272), pid=10400, tid=0x0000000000002878
#
# JRE version: Java(TM) SE Runtime Environment (8.0_291-b10) (build 1.8.0_291-b10)
# Java VM: Java HotSpot(TM) 64-Bit Server VM (25.291-b10 mixed mode windows-amd64 compressed oops)
# Failed to write core dump. Minidumps are not enabled by default on client versions of Windows
#

---------------  T H R E A D  ---------------

Current thread (0x00000245d464d800):  JavaThread "C1 CompilerThread3" daemon [_thread_in_native, id=10360, stack(0x0000009fe2b00000,0x0000009fe2c00000)]

Stack: [0x0000009fe2b00000,0x0000009fe2c00000]
Native frames: (J=compiled Java code, j=interpreted, Vv=VM code, C=native code)
V  [jvm.dll+0x32ea19]
V  [jvm.dll+0x275462]
V  [jvm.dll+0x27610d]
V  [jvm.dll+0x26cb45]
V  [jvm.dll+0xd56ed]
V  [jvm.dll+0xd5a4c]
V  [jvm.dll+0x9a128]
V  [jvm.dll+0x3fb5c6]
V  [jvm.dll+0x3fb584]
V  [jvm.dll+0x3fa355]
V  [jvm.dll+0x3fa5fa]
V  [jvm.dll+0x3fd3d4]
V  [jvm.dll+0x3e0a3f]
V  [jvm.dll+0x3e02ad]
V  [jvm.dll+0x3e048e]
V  [jvm.dll+0x3dfbe1]
V  [jvm.dll+0x3e161f]
V  [jvm.dll+0xabeeb]
V  [jvm.dll+0xaa54b]
V  [jvm.dll+0x23db02]
V  [jvm.dll+0x29210c]
C  [ucrtbase.dll+0x21bb2]
C  [KERNEL32.DLL+0x17034]
C  [ntdll.dll+0x52651]


Current CompileTask:
C1:    346  223       3       java.net.URLStreamHandler::parseURL (1193 bytes)


---------------  P R O C E S S  ---------------

Java Threads: ( => current thread )
  0x00000245d4689800 JavaThread "Service Thread" daemon [_thread_blocked, id=10092, stack(0x0000009fe2c00000,0x0000009fe2d00000)]
=>0x00000245d464d800 JavaThread "C1 CompilerThread3" daemon [_thread_in_native, id=10360, stack(0x0000009fe2b00000,0x0000009fe2c00000)]
  0x00000245d464e000 JavaThread "C2 CompilerThread2" daemon [_thread_in_native, id=5992, stack(0x0000009fe2a00000,0x0000009fe2b00000)]
  0x00000245d464a800 JavaThread "C2 CompilerThread1" daemon [_thread_blocked, id=17308, stack(0x0000009fe2900000,0x0000009fe2a00000)]
  0x00000245d4639000 JavaThread "C2 CompilerThread0" daemon [_thread_blocked, id=16988, stack(0x0000009fe2800000,0x0000009fe2900000)]
  0x00000245d4623000 JavaThread "JDWP Command Reader" daemon [_thread_in_native, id=6072, stack(0x0000009fe2700000,0x0000009fe2800000)]
  0x00000245d4622800 JavaThread "JDWP Event Helper Thread" daemon [_thread_in_native, id=2432, stack(0x0000009fe2600000,0x0000009fe2700000)]
  0x00000245d461f000 JavaThread "JDWP Transport Listener: dt_socket" daemon [_thread_blocked, id=5584, stack(0x0000009fe2500000,0x0000009fe2600000)]
  0x00000245d2a43800 JavaThread "Attach Listener" daemon [_thread_blocked, id=11708, stack(0x0000009fe2400000,0x0000009fe2500000)]
  0x00000245d29f0000 JavaThread "Signal Dispatcher" daemon [_thread_blocked, id=15200, stack(0x0000009fe2300000,0x0000009fe2400000)]
  0x00000245b7e66000 JavaThread "Finalizer" daemon [_thread_blocked, id=17372, stack(0x0000009fe2200000,0x0000009fe2300000)]
  0x00000245d29c6000 JavaThread "Reference Handler" daemon [_thread_blocked, id=3868, stack(0x0000009fe2100000,0x0000009fe2200000)]
  0x00000245b7db7800 JavaThread "main" [_thread_in_Java, id=11280, stack(0x0000009fe1700000,0x0000009fe1800000)]

Other Threads:
  0x00000245d29a0800 VMThread [stack: 0x0000009fe2000000,0x0000009fe2100000] [id=14708]
  0x00000245d4752000 WatcherThread [stack: 0x0000009fe2d00000,0x0000009fe2e00000] [id=8880]

VM state:not at safepoint (normal execution)

VM Mutex/Monitor currently owned by a thread: None

heap address: 0x00000006cc600000, size: 3898 MB, Compressed Oops mode: Zero based, Oop shift amount: 3
Narrow klass base: 0x0000000000000000, Narrow klass shift: 3
Compressed class space size: 1073741824 Address: 0x00000007c0000000

Heap:
 PSYoungGen      total 72704K, used 9994K [0x000000076ed00000, 0x0000000773e00000, 0x00000007c0000000)
  eden space 62464K, 16% used [0x000000076ed00000,0x000000076f6c2958,0x0000000772a00000)
  from space 10240K, 0% used [0x0000000773400000,0x0000000773400000,0x0000000773e00000)
  to   space 10240K, 0% used [0x0000000772a00000,0x0000000772a00000,0x0000000773400000)
 ParOldGen       total 166912K, used 0K [0x00000006cc600000, 0x00000006d6900000, 0x000000076ed00000)
  object space 166912K, 0% used [0x00000006cc600000,0x00000006cc600000,0x00000006d6900000)
 Metaspace       used 4578K, capacity 5098K, committed 5248K, reserved 1056768K
  class space    used 517K, capacity 530K, committed 640K, reserved 1048576K

Card table byte_map: [0x00000245c9030000,0x00000245c97d0000] byte_map_base: 0x00000245c59cd000

Marking Bits: (ParMarkBitMap*) 0x000000006eff7fe0
 Begin Bits: [0x00000245c9cf0000, 0x00000245cd9d8000)
 End Bits:   [0x00000245cd9d8000, 0x00000245d16c0000)

Polling page: 0x00000245b7f60000

CodeCache: size=245760Kb used=1669Kb max_used=1680Kb free=244090Kb
 bounds [0x00000245b9c70000, 0x00000245b9ee0000, 0x00000245c8c70000]
 total_blobs=475 nmethods=227 adapters=170
 compilation: enabled

Compilation events (10 events):
Event: 0.312 Thread 0x00000245d464d800  218       3       java.util.AbstractMap::<init> (5 bytes)
Event: 0.312 Thread 0x00000245d464d800 nmethod 218 0x00000245b9e08310 code [0x00000245b9e08460, 0x00000245b9e08618]
Event: 0.314 Thread 0x00000245d464d800  219       3       java.nio.DirectLongBufferU::get (16 bytes)
Event: 0.314 Thread 0x00000245d464d800 nmethod 219 0x00000245b9e07a10 code [0x00000245b9e07b80, 0x00000245b9e07df8]
Event: 0.314 Thread 0x00000245d464d800  221       3       java.nio.DirectLongBufferU::put (18 bytes)
Event: 0.314 Thread 0x00000245d464d800 nmethod 221 0x00000245b9e074d0 code [0x00000245b9e07640, 0x00000245b9e078b8]
Event: 0.315 Thread 0x00000245d464d800  222       3       sun.net.www.protocol.file.Handler::parseURL (18 bytes)
Event: 0.316 Thread 0x00000245d464d800 nmethod 222 0x00000245b9e06fd0 code [0x00000245b9e07140, 0x00000245b9e073c0]
Event: 0.316 Thread 0x00000245d464d800  223       3       java.net.URLStreamHandler::parseURL (1193 bytes)
Event: 0.318 Thread 0x00000245d4639000  226       4       java.lang.String::indexOf (166 bytes)

GC Heap History (0 events):
No events

Deoptimization events (2 events):
Event: 0.166 Thread 0x00000245b7db7800 Uncommon trap: reason=unstable_if action=reinterpret pc=0x00000245b9d745c4 method=java.lang.String.hashCode()I @ 14
Event: 0.205 Thread 0x00000245b7db7800 Uncommon trap: reason=unstable_if action=reinterpret pc=0x00000245b9daace0 method=java.lang.String.indexOf(II)I @ 49

Classes redefined (0 events):
No events

Internal exceptions (7 events):
Event: 0.032 Thread 0x00000245b7db7800 Exception <a 'java/lang/NoSuchMethodError': Method sun.misc.Unsafe.defineClass(Ljava/lang/String;[BII)Ljava/lang/Class; name or signature does not match> (0x000000076ed07cc0) thrown at [C:\jenkins\workspace\8-2-build-windows-amd64-cygwin\jdk8u291\1294\hot
Event: 0.032 Thread 0x00000245b7db7800 Exception <a 'java/lang/NoSuchMethodError': Method sun.misc.Unsafe.prefetchRead(Ljava/lang/Object;J)V name or signature does not match> (0x000000076ed07fa8) thrown at [C:\jenkins\workspace\8-2-build-windows-amd64-cygwin\jdk8u291\1294\hotspot\src\share\vm\
Event: 0.195 Thread 0x00000245b7db7800 Exception <a 'java/io/FileNotFoundException'> (0x000000076f201838) thrown at [C:\jenkins\workspace\8-2-build-windows-amd64-cygwin\jdk8u291\1294\hotspot\src\share\vm\prims\jni.cpp, line 710]
Event: 0.223 Thread 0x00000245b7db7800 Exception <a 'java/security/PrivilegedActionException'> (0x000000076f2f1718) thrown at [C:\jenkins\workspace\8-2-build-windows-amd64-cygwin\jdk8u291\1294\hotspot\src\share\vm\prims\jvm.cpp, line 1523]
Event: 0.223 Thread 0x00000245b7db7800 Exception <a 'java/security/PrivilegedActionException'> (0x000000076f2f1b10) thrown at [C:\jenkins\workspace\8-2-build-windows-amd64-cygwin\jdk8u291\1294\hotspot\src\share\vm\prims\jvm.cpp, line 1523]
Event: 0.225 Thread 0x00000245b7db7800 Exception <a 'java/security/PrivilegedActionException'> (0x000000076f2f4510) thrown at [C:\jenkins\workspace\8-2-build-windows-amd64-cygwin\jdk8u291\1294\hotspot\src\share\vm\prims\jvm.cpp, line 1523]
Event: 0.225 Thread 0x00000245b7db7800 Exception <a 'java/security/PrivilegedActionException'> (0x000000076f2f4908) thrown at [C:\jenkins\workspace\8-2-build-windows-amd64-cygwin\jdk8u291\1294\hotspot\src\share\vm\prims\jvm.cpp, line 1523]

Events (10 events):
Event: 0.321 Thread 0x00000245b7db7800 DEOPT PACKING pc=0x00000245b9df0854 sp=0x0000009fe17fd180
Event: 0.321 Thread 0x00000245b7db7800 DEOPT UNPACKING pc=0x00000245b9cb7498 sp=0x0000009fe17fcfa0 mode 1
Event: 0.321 Thread 0x00000245b7db7800 DEOPT PACKING pc=0x00000245b9df05e4 sp=0x0000009fe17fd310
Event: 0.321 Thread 0x00000245b7db7800 DEOPT UNPACKING pc=0x00000245b9cb7498 sp=0x0000009fe17fd148 mode 1
Event: 0.321 loading class org/junit/validator/AnnotationsValidator$AnnotatableValidator
Event: 0.321 loading class org/junit/validator/AnnotationsValidator$AnnotatableValidator done
Event: 0.321 Thread 0x00000245b7db7800 DEOPT PACKING pc=0x00000245b9df0854 sp=0x0000009fe17fcb70
Event: 0.321 Thread 0x00000245b7db7800 DEOPT UNPACKING pc=0x00000245b9cb7498 sp=0x0000009fe17fc990 mode 1
Event: 0.321 Thread 0x00000245b7db7800 DEOPT PACKING pc=0x00000245b9df05e4 sp=0x0000009fe17fcd00
Event: 0.321 Thread 0x00000245b7db7800 DEOPT UNPACKING pc=0x00000245b9cb7498 sp=0x0000009fe17fcb38 mode 1


Dynamic libraries:
0x00007ff7e0d70000 - 0x00007ff7e0db7000 	D:\study\java\jdk\bin\java.exe
0x00007ffc49870000 - 0x00007ffc49a67000 	C:\WINDOWS\SYSTEM32\ntdll.dll
0x00007ffc483b0000 - 0x00007ffc4846d000 	C:\WINDOWS\System32\KERNEL32.DLL
0x00007ffc46f90000 - 0x00007ffc4725d000 	C:\WINDOWS\System32\KERNELBASE.dll
0x00007ffc49090000 - 0x00007ffc4913e000 	C:\WINDOWS\System32\ADVAPI32.dll
0x00007ffc48ff0000 - 0x00007ffc4908e000 	C:\WINDOWS\System32\msvcrt.dll
0x00007ffc48f50000 - 0x00007ffc48fec000 	C:\WINDOWS\System32\sechost.dll
0x00007ffc478d0000 - 0x00007ffc479f5000 	C:\WINDOWS\System32\RPCRT4.dll
0x00007ffc48a50000 - 0x00007ffc48bf0000 	C:\WINDOWS\System32\USER32.dll
0x00007ffc47450000 - 0x00007ffc47472000 	C:\WINDOWS\System32\win32u.dll
0x00007ffc49140000 - 0x00007ffc4916a000 	C:\WINDOWS\System32\GDI32.dll
0x00007ffc47660000 - 0x00007ffc4776b000 	C:\WINDOWS\System32\gdi32full.dll
0x00007ffc472b0000 - 0x00007ffc4734d000 	C:\WINDOWS\System32\msvcp_win.dll
0x00007ffc47350000 - 0x00007ffc47450000 	C:\WINDOWS\System32\ucrtbase.dll
0x00007ffc45e60000 - 0x00007ffc460fa000 	C:\WINDOWS\WinSxS\amd64_microsoft.windows.common-controls_6595b64144ccf1df_6.0.19041.1110_none_60b5254171f9507e\COMCTL32.dll
0x00007ffc48da0000 - 0x00007ffc48dd0000 	C:\WINDOWS\System32\IMM32.DLL
0x0000000070720000 - 0x000000007072c000 	C:\Program Files (x86)\360\360Safe\safemon\SafeWrapper.dll
0x00007ffc36270000 - 0x00007ffc36306000 	C:\Program Files (x86)\360\360Safe\safemon\libzdtp64.dll
0x00007ffc47c60000 - 0x00007ffc483a4000 	C:\WINDOWS\System32\SHELL32.dll
0x00007ffc488e0000 - 0x00007ffc48935000 	C:\WINDOWS\System32\SHLWAPI.dll
0x00007ffc46ce0000 - 0x00007ffc46cea000 	C:\WINDOWS\SYSTEM32\VERSION.dll
0x00007ffc43740000 - 0x00007ffc43755000 	D:\study\java\jdk\jre\bin\vcruntime140.dll
0x00007ffc38230000 - 0x00007ffc382cb000 	D:\study\java\jdk\jre\bin\msvcp140.dll
0x000000006e810000 - 0x000000006f070000 	D:\study\java\jdk\jre\bin\server\jvm.dll
0x00007ffc47a00000 - 0x00007ffc47a08000 	C:\WINDOWS\System32\PSAPI.DLL
0x00007ffc41d60000 - 0x00007ffc41d69000 	C:\WINDOWS\SYSTEM32\WSOCK32.dll
0x00007ffc3c060000 - 0x00007ffc3c087000 	C:\WINDOWS\SYSTEM32\WINMM.dll
0x00007ffc47bf0000 - 0x00007ffc47c5b000 	C:\WINDOWS\System32\WS2_32.dll
0x00007ffc44740000 - 0x00007ffc44752000 	C:\WINDOWS\SYSTEM32\kernel.appcore.dll
0x00007ffc46730000 - 0x00007ffc46740000 	D:\study\java\jdk\jre\bin\verify.dll
0x00007ffc40260000 - 0x00007ffc4028b000 	D:\study\java\jdk\jre\bin\java.dll
0x00007ffc36c80000 - 0x00007ffc36cb6000 	D:\study\java\jdk\jre\bin\jdwp.dll
0x00007ffc43940000 - 0x00007ffc43949000 	D:\study\java\jdk\jre\bin\npt.dll
0x00007ffc36c20000 - 0x00007ffc36c50000 	D:\study\java\jdk\jre\bin\instrument.dll
0x00007ffc40240000 - 0x00007ffc40258000 	D:\study\java\jdk\jre\bin\zip.dll
0x00007ffc44940000 - 0x00007ffc450d4000 	C:\WINDOWS\SYSTEM32\windows.storage.dll
0x00007ffc49420000 - 0x00007ffc49774000 	C:\WINDOWS\System32\combase.dll
0x00007ffc46510000 - 0x00007ffc4653c000 	C:\WINDOWS\SYSTEM32\Wldp.dll
0x00007ffc47a10000 - 0x00007ffc47abd000 	C:\WINDOWS\System32\SHCORE.dll
0x00007ffc46ed0000 - 0x00007ffc46eef000 	C:\WINDOWS\SYSTEM32\profapi.dll
0x00007ffc3e580000 - 0x00007ffc3e58a000 	D:\study\java\jdk\jre\bin\dt_socket.dll
0x00007ffc46190000 - 0x00007ffc461fa000 	C:\WINDOWS\system32\mswsock.dll
0x00007ffc467b0000 - 0x00007ffc46994000 	C:\WINDOWS\SYSTEM32\dbghelp.dll
0x00007ffc47480000 - 0x00007ffc47502000 	C:\WINDOWS\System32\bcryptPrimitives.dll

VM Arguments:
jvm_args: -agentlib:jdwp=transport=dt_socket,address=127.0.0.1:50705,suspend=y,server=n -ea -Djava.library.path=D:\project\leetcode\java\scenario\scenario\src\main\resources\lib -Didea.test.cyclic.buffer.size=1048576 -javaagent:D:\software\toolbox\apps\IDEA-U\ch-0\222.4345.14\plugins\java\lib\rt\debugger-agent.jar -Dfile.encoding=UTF-8 
java_command: com.intellij.rt.junit.JUnitStarter -ideVersion5 -junit4 com.example.service.ActivityImageTest,openCVImageTest
java_class_path (initial): D:\software\toolbox\apps\IDEA-U\ch-0\222.4345.14\lib\idea_rt.jar;D:\software\toolbox\apps\IDEA-U\ch-0\222.4345.14\plugins\junit\lib\junit5-rt.jar;D:\software\toolbox\apps\IDEA-U\ch-0\222.4345.14\plugins\junit\lib\junit-rt.jar;D:\study\java\jdk\jre\lib\charsets.jar;D:\study\java\jdk\jre\lib\deploy.jar;D:\study\java\jdk\jre\lib\ext\access-bridge-64.jar;D:\study\java\jdk\jre\lib\ext\cldrdata.jar;D:\study\java\jdk\jre\lib\ext\dnsns.jar;D:\study\java\jdk\jre\lib\ext\jaccess.jar;D:\study\java\jdk\jre\lib\ext\jfxrt.jar;D:\study\java\jdk\jre\lib\ext\localedata.jar;D:\study\java\jdk\jre\lib\ext\nashorn.jar;D:\study\java\jdk\jre\lib\ext\sunec.jar;D:\study\java\jdk\jre\lib\ext\sunjce_provider.jar;D:\study\java\jdk\jre\lib\ext\sunmscapi.jar;D:\study\java\jdk\jre\lib\ext\sunpkcs11.jar;D:\study\java\jdk\jre\lib\ext\zipfs.jar;D:\study\java\jdk\jre\lib\javaws.jar;D:\study\java\jdk\jre\lib\jce.jar;D:\study\java\jdk\jre\lib\jfr.jar;D:\study\java\jdk\jre\lib\jfxswt.jar;D:\study\java\jdk\jre\lib\jsse.jar;D:\study\java\jdk\jre\lib\management-agent.jar;D:\study\java\jdk\jre\lib\plugin.jar;D:\study\java\jdk\jre\lib\resources.jar;D:\study\java\jdk\jre\lib\rt.jar;D:\project\leetcode\java\scenario\scenario\target\test-classes;D:\project\leetcode\java\scenario\scenario\target\classes;D:\project\leetcode\java\scenario\scenario\src\main\resources\lib\opencv-460.jar;D:\study\maven\repository\org\apache\logging\log4j\log4j-core\2.18.0\log4j-core-2.18.0.jar;D:\study\maven\repository\org\apache\logging\log4j\log4j-api\2.18.0\log4j-api-2.18.0.jar;D:\study\maven\repository\org\slf4j\slf4j-api\1.7.36\slf4j-api-1.7.36.jar;D:\study\maven\repository\org\projectlombok\lombok\1.18.24\lombok-1.18.24.jar;D:\study\maven\repository\net\java\dev\jna\jna\5.12.1\jna-5.12.1.jar;D:\study\maven\repository\net\java\dev\jna\jna-platform\5.12.1\jna-platform-5.12.1.jar;D:\study\maven\repository\junit\junit\4.13.2\junit-4.13.2.jar;D:\study\maven\repository\org\hamcrest\hamcrest-core\1.3\hamcr
Launcher Type: SUN_STANDARD

Environment Variables:
PATH=C:\Aibote;F:\Aibote\Aibote;F:\Aibote\Aibote\Project\ScriptUI;F:\Aibote\Aibote\Environment\Node;F:\Aibote\Aibote\Environment\BrowserDriver;F:\Aibote\Aibote\node_modules\.bin;C:\Users\Administrator\Downloads\Ai-Bot2.0\Ai-Bot2.0;C:\Users\Administrator\Downloads\Ai-Bot2.0\Ai-Bot2.0\env\DevicesShadow;F:\app\Administrator\product\11.2.0\client_1\bin;C:\Program Files (x86)\Common Files\Oracle\Java\javapath;D:\software\VMware\bin\;C:\WINDOWS\system32;C:\WINDOWS;C:\WINDOWS\System32\Wbem;C:\WINDOWS\System32\WindowsPowerShell\v1.0\;C:\WINDOWS\System32\OpenSSH\;D:\study\web\node\;D:\software\xshell7\;D:\software\tesseract-ocr;D:\study\git\Git\cmd;C:\Users\Administrator\AppData\Local\Programs\Python\Python39\Scripts\;C:\Users\Administrator\AppData\Local\Programs\Python\Python39\;C:\Users\Administrator\AppData\Local\Microsoft\WindowsApps;C:\Users\Administrator\AppData\Roaming\npm;C:\Users\Administrator\AppData\Local\JetBrains\Toolbox\scripts;D:\software\vscode\Microsoft VS Code\bin
USERNAME=Administrator
OS=Windows_NT
PROCESSOR_IDENTIFIER=AMD64 Family 23 Model 96 Stepping 1, AuthenticAMD



---------------  S Y S T E M  ---------------

OS: Windows 10.0 , 64 bit Build 19041 (10.0.19041.1741)

CPU:total 8 (initial active 8) (8 cores per cpu, 1 threads per core) family 23 model 96 stepping 1, cmov, cx8, fxsr, mmx, sse, sse2, sse3, ssse3, sse4.1, sse4.2, popcnt, avx, avx2, aes, clmul, mmxext, 3dnowpref, lzcnt, sse4a, tsc, tscinvbit, tscinv, bmi1

Memory: 4k page, physical 15965620k(747796k free), swap 29072816k(330292k free)

vm_info: Java HotSpot(TM) 64-Bit Server VM (25.291-b10) for windows-amd64 JRE (1.8.0_291-b10), built on Apr  9 2021 00:02:00 by "java_re" with MS VC++ 15.9 (VS2017)

time: Fri Nov  4 11:51:27 2022
timezone: 中国标准时间
elapsed time: 0.349789 seconds (0d 0h 0m 0s)

